[36m
CATdd START [base]
[39m
Loading '/home/taki/CATdd/catdd.yaml' ... [32mSuccess[39m
Run base test ... 
Check "/home/taki/CATdd/target_project/etrobocon2023/module/MotionParser.cpp" based on the test.
The following lines are not required to pass the test.
/home/taki/CATdd/target_project/etrobocon2023/module/MotionParser.cpp:2
[33m * @file   MotionParser.cpp[39m

/home/taki/CATdd/target_project/etrobocon2023/module/MotionParser.cpp:3
[33m * @brief  動作コマンドファイルを解析するクラス[39m

/home/taki/CATdd/target_project/etrobocon2023/module/MotionParser.cpp:4
[33m * @author aridome222 bizyutyu KakinokiKanta[39m

/home/taki/CATdd/target_project/etrobocon2023/module/MotionParser.cpp:34
  while(fgets(row,  BUF_SIZE,  fp)[33m != NULL[39m) {

/home/taki/CATdd/target_project/etrobocon2023/module/MotionParser.cpp:86
[33m      motionList.push_back(ec);          // 動作リストに追加[39m

/home/taki/CATdd/target_project/etrobocon2023/module/MotionParser.cpp:90
[33m      motionList.push_back(sl);          // 動作リストに追加[39m

/home/taki/CATdd/target_project/etrobocon2023/module/MotionParser.cpp:98
[33m      motionList.push_back(ca);  // 動作リストに追加[39m

/home/taki/CATdd/target_project/etrobocon2023/module/MotionParser.cpp:102
      DistanceTurning* dt = new DistanceTurning(atof([33mparams[1][39m),    // 目標距離
[33m      DistanceTurning* dt = new DistanceTurning([39matof(params[1]),    // 目標距離
      DistanceTurning* dt = new DistanceTurning([33matof([39mparams[1]),    // 目標距離
[33m      DistanceTurning* dt = new DistanceTurning(atof(params[1]),   // 目標距離[39m

/home/taki/CATdd/target_project/etrobocon2023/module/MotionParser.cpp:103
[33m                                                atoi(params[2]),   // 左モータのPWM値[39m
                                                atoi([33mparams[2][39m),    // 左モータのPWM値
[33m                                                atoi([39mparams[2]),    // 左モータのPWM値

/home/taki/CATdd/target_project/etrobocon2023/module/MotionParser.cpp:104
                                                atoi([33mparams[3][39m));  // 右モータのPWM値
[33m                                                atoi(params[3]));  // 右モータのPWM値[39m
[33m                                                atoi([39mparams[3]));  // 右モータのPWM値

/home/taki/CATdd/target_project/etrobocon2023/module/MotionParser.cpp:106
[33m      motionList.push_back(dt);                                    // 動作リストに追加[39m
[33m      motionList.push_back([39mdt);                                    // 動作リストに追加

/home/taki/CATdd/target_project/etrobocon2023/module/MotionParser.cpp:112
[33m      motionList.push_back(am);          // 動作リストに追加[39m

/home/taki/CATdd/target_project/etrobocon2023/module/MotionParser.cpp:117
[33m      motionList.push_back(xr);                     // 動作リストに追加[39m

/home/taki/CATdd/target_project/etrobocon2023/module/MotionParser.cpp:121
[33m      motionList.push_back(is);          // 動作リストに追加[39m

/home/taki/CATdd/target_project/etrobocon2023/module/MotionParser.cpp:125
[33m      motionList.push_back(il);          // 動作リストに追加[39m

/home/taki/CATdd/target_project/etrobocon2023/module/MotionParser.cpp:129
[33m      motionList.push_back(ir);          // 動作リストに追加[39m

/home/taki/CATdd/target_project/etrobocon2023/module/MotionParser.cpp:133
[33m      motionList.push_back(br);          // 動作リストに追加[39m

/home/taki/CATdd/target_project/etrobocon2023/module/MotionParser.cpp:139
[33m      motionList.push_back(cc);                           // 動作リストに追加[39m

/home/taki/CATdd/target_project/etrobocon2023/module/MotionParser.cpp:149
[33m      motionList.push_back(st);          // 動作リストに追加[39m

/home/taki/CATdd/target_project/etrobocon2023/module/MotionParser.cpp:163
[33m  fclose(fp);[39m

/home/taki/CATdd/target_project/etrobocon2023/module/MotionParser.cpp:165
[33m  return motionList;[39m

/home/taki/CATdd/target_project/etrobocon2023/module/MotionParser.cpp:171
[33m    return COMMAND::DL;[39m

/home/taki/CATdd/target_project/etrobocon2023/module/MotionParser.cpp:180
[33m  } else if(strcmp(str, "DT") == 0) {  // 文字列がDTの場合[39m

/home/taki/CATdd/target_project/etrobocon2023/module/MotionParser.cpp:181
[33m    return COMMAND::DT;[39m

/home/taki/CATdd/target_project/etrobocon2023/module/MotionParser.cpp:186
[33m  } else if(strcmp(str, "AM") == 0) {  // 文字列がAMの場合[39m

/home/taki/CATdd/target_project/etrobocon2023/module/MotionParser.cpp:187
[33m    return COMMAND::AM;[39m

/home/taki/CATdd/target_project/etrobocon2023/module/MotionParser.cpp:204
[33m  } else if(strcmp(str, "ST") == 0) {  // 文字列がSTの場合[39m

/home/taki/CATdd/target_project/etrobocon2023/module/MotionParser.cpp:205
[33m    return COMMAND::ST;[39m

/home/taki/CATdd/target_project/etrobocon2023/module/MotionParser.cpp:221
     || strcmp(command,  "PR") == 0) {      //  コマンドがAR,  CM, [33m PRの場合[39m
     || strcmp(command,  "PR") == 0) {      //  コマンドがAR, [33m CM, [39m PRの場合

/home/taki/CATdd/target_project/etrobocon2023/module/MotionParser.cpp:226
[33m    } else {  // 想定していないパラメータが来た場合[39m

/home/taki/CATdd/target_project/etrobocon2023/module/MotionParser.cpp:227
[33m      logger.logWarning("Parameter before conversion must be 'clockwise' or 'anticlockwise'");[39m

/home/taki/CATdd/target_project/etrobocon2023/module/MotionParser.cpp:228
[33m      return true;[39m

/home/taki/CATdd/target_project/etrobocon2023/module/MotionParser.cpp:232
  if(strcmp(command,  "EC") == 0) {    //  コマンドがEC, [33m CMの場合[39m

/home/taki/CATdd/target_project/etrobocon2023/module/MotionParser.cpp:237
[33m    } else {  // 想定していないパラメータが来た場合[39m

/home/taki/CATdd/target_project/etrobocon2023/module/MotionParser.cpp:238
[33m      logger.logWarning("Parameter before conversion must be 'left' or 'right'");[39m

/home/taki/CATdd/target_project/etrobocon2023/module/MotionParser.cpp:239
[33m      return true;[39m

/home/taki/CATdd/target_project/etrobocon2023/module/MotionParser.cpp:248
[33m    } else {  // 想定していないパラメータが来た場合[39m

/home/taki/CATdd/target_project/etrobocon2023/module/MotionParser.cpp:249
[33m      logger.logWarning("Parameter before conversion must be 'clockwise' or 'anticlockwise'");[39m

/home/taki/CATdd/target_project/etrobocon2023/module/MotionParser.cpp:250
[33m      return true;[39m

/home/taki/CATdd/target_project/etrobocon2023/module/MotionParser.cpp:253
[33m  logger.logWarning("Using a command that is not defined in convertBool.");[39m

/home/taki/CATdd/target_project/etrobocon2023/module/MotionParser.cpp:254
[33m  return true;[39m

/home/taki/CATdd/target_project/etrobocon2023/module/MotionParser.cpp:265
[33m    return CameraAction::Subject::A;[39m

/home/taki/CATdd/target_project/etrobocon2023/module/MotionParser.cpp:267
[33m    return CameraAction::Subject::B;[39m

/home/taki/CATdd/target_project/etrobocon2023/module/MotionParser.cpp:269
[33m    return CameraAction::Subject::BLOCK_AREA;[39m

/home/taki/CATdd/target_project/etrobocon2023/module/MotionParser.cpp:270
[33m  } else {  // 想定していないパラメータが来た場合[39m

/home/taki/CATdd/target_project/etrobocon2023/module/MotionParser.cpp:271
[33m    logger.logWarning("Parameter before conversion must be 'A' or 'B' or 'BA'");[39m

/home/taki/CATdd/target_project/etrobocon2023/module/MotionParser.cpp:272
[33m    return CameraAction::Subject::UNDEFINED;[39m


Check "/home/taki/CATdd/target_project/etrobocon2023/module/AreaMaster.cpp" based on the test.
The following lines are not required to pass the test.
/home/taki/CATdd/target_project/etrobocon2023/module/AreaMaster.cpp:2
[33m * @file   AreaMaster.cpp[39m

/home/taki/CATdd/target_project/etrobocon2023/module/AreaMaster.cpp:3
[33m * @brief  エリアを攻略するクラス[39m

/home/taki/CATdd/target_project/etrobocon2023/module/AreaMaster.cpp:4
[33m * @author aridome222[39m

/home/taki/CATdd/target_project/etrobocon2023/module/AreaMaster.cpp:12
  : area([33m_area[39m), 

/home/taki/CATdd/target_project/etrobocon2023/module/AreaMaster.cpp:13
    isLeftCourse([33m_isLeftCourse[39m), 
[33m    isLeftCourse(_isLeftCourse),[39m

/home/taki/CATdd/target_project/etrobocon2023/module/AreaMaster.cpp:14
[33m    isLeftEdge(_isLeftEdge),[39m
    isLeftEdge([33m_isLeftEdge[39m), 

/home/taki/CATdd/target_project/etrobocon2023/module/AreaMaster.cpp:15
    targetBrightness([33m_targetBrightness[39m)

/home/taki/CATdd/target_project/etrobocon2023/module/AreaMaster.cpp:30
  snprintf(commandFilePath,  BUF_SIZE, [33m "%s%s%s.csv", [39m basePath, 

/home/taki/CATdd/target_project/etrobocon2023/module/AreaMaster.cpp:34
[33m  motionList = MotionParser::createMotions(commandFilePath, targetBrightness, isLeftEdge);[39m

/home/taki/CATdd/target_project/etrobocon2023/module/AreaMaster.cpp:37
  snprintf(buf,  BUF_SIZE, [33m "\nRun the commands in '%s'\n", [39m commandFilePath);
[33m  snprintf(buf, BUF_SIZE, "\nRun the commands in '%s'\n", commandFilePath);[39m
  snprintf(buf,  BUF_SIZE,  "\nRun the commands in '%s'\n", [33m commandFilePath[39m);

/home/taki/CATdd/target_project/etrobocon2023/module/AreaMaster.cpp:38
[33m  logger.logHighlight(buf);[39m

/home/taki/CATdd/target_project/etrobocon2023/module/AreaMaster.cpp:42
[33m    Measurer::resetCount();[39m

/home/taki/CATdd/target_project/etrobocon2023/module/AreaMaster.cpp:43
[33m    motion->logRunning();[39m

/home/taki/CATdd/target_project/etrobocon2023/module/AreaMaster.cpp:44
[33m    motion->run();[39m


Check "/home/taki/CATdd/target_project/etrobocon2023/module/EtRobocon2023.cpp" based on the test.
The following lines are not required to pass the test.
/home/taki/CATdd/target_project/etrobocon2023/module/EtRobocon2023.cpp:2
[33m * @file   EtRobocon2023.cpp[39m

/home/taki/CATdd/target_project/etrobocon2023/module/EtRobocon2023.cpp:3
[33m * @brief  全体を制御するクラス[39m

/home/taki/CATdd/target_project/etrobocon2023/module/EtRobocon2023.cpp:4
[33m * @author KakinokiKanta miyashita64 bizyutyu aridome222[39m

/home/taki/CATdd/target_project/etrobocon2023/module/EtRobocon2023.cpp:10
[33m#include "Measurer.h"[39m

/home/taki/CATdd/target_project/etrobocon2023/module/EtRobocon2023.cpp:11
[33m#include "Controller.h"[39m

/home/taki/CATdd/target_project/etrobocon2023/module/EtRobocon2023.cpp:13
[33m#include "SystemInfo.h"[39m

/home/taki/CATdd/target_project/etrobocon2023/module/EtRobocon2023.cpp:14
[33m#include "ev3api.h"[39m

/home/taki/CATdd/target_project/etrobocon2023/module/EtRobocon2023.cpp:15
[33m#include "ColorSensor.h"[39m

/home/taki/CATdd/target_project/etrobocon2023/module/EtRobocon2023.cpp:16
[33m#include "SonarSensor.h"[39m

/home/taki/CATdd/target_project/etrobocon2023/module/EtRobocon2023.cpp:17
[33m#include "Motor.h"[39m

/home/taki/CATdd/target_project/etrobocon2023/module/EtRobocon2023.cpp:18
[33m#include "Clock.h"[39m

/home/taki/CATdd/target_project/etrobocon2023/module/EtRobocon2023.cpp:19
[33m#include "Timer.h"[39m

/home/taki/CATdd/target_project/etrobocon2023/module/EtRobocon2023.cpp:36
[33m  Controller::rightMotor = _rightMotorPtr;[39m

/home/taki/CATdd/target_project/etrobocon2023/module/EtRobocon2023.cpp:37
[33m  Controller::leftMotor = _leftMotorPtr;[39m

/home/taki/CATdd/target_project/etrobocon2023/module/EtRobocon2023.cpp:38
[33m  Controller::armMotor = _armMotorPtr;[39m

/home/taki/CATdd/target_project/etrobocon2023/module/EtRobocon2023.cpp:39
[33m  Measurer::colorSensor = _colorSensorPtr;[39m

/home/taki/CATdd/target_project/etrobocon2023/module/EtRobocon2023.cpp:40
[33m  Measurer::sonarSensor = _sonarSensorPtr;[39m

/home/taki/CATdd/target_project/etrobocon2023/module/EtRobocon2023.cpp:41
[33m  Measurer::rightMotor = _rightMotorPtr;[39m

/home/taki/CATdd/target_project/etrobocon2023/module/EtRobocon2023.cpp:42
[33m  Measurer::leftMotor = _leftMotorPtr;[39m

/home/taki/CATdd/target_project/etrobocon2023/module/EtRobocon2023.cpp:43
[33m  Measurer::armMotor = _armMotorPtr;[39m

/home/taki/CATdd/target_project/etrobocon2023/module/EtRobocon2023.cpp:44
[33m  Timer::clock = _clockPtr;[39m

/home/taki/CATdd/target_project/etrobocon2023/module/EtRobocon2023.cpp:56
[33m  signal(SIGINT, sigint);[39m

/home/taki/CATdd/target_project/etrobocon2023/module/EtRobocon2023.cpp:59
  snprintf(buf,  BUF_SIZE,  "bash ./etrobocon2023/scripts/init_robot_info.sh %s", [33m RAS_PI_IP[39m);
  snprintf(buf,  BUF_SIZE, [33m "bash ./etrobocon2023/scripts/init_robot_info.sh %s", [39m RAS_PI_IP);
[33m  snprintf(buf, BUF_SIZE, "bash ./etrobocon2023/scripts/init_robot_info.sh %s", RAS_PI_IP);[39m

/home/taki/CATdd/target_project/etrobocon2023/module/EtRobocon2023.cpp:60
[33m  system(buf);[39m

/home/taki/CATdd/target_project/etrobocon2023/module/EtRobocon2023.cpp:63
[33m  calibrator.run();[39m

/home/taki/CATdd/target_project/etrobocon2023/module/EtRobocon2023.cpp:64
[33m  isLeftCourse = calibrator.getIsLeftCourse();[39m

/home/taki/CATdd/target_project/etrobocon2023/module/EtRobocon2023.cpp:65
[33m  isLeftEdge = isLeftCourse;[39m

/home/taki/CATdd/target_project/etrobocon2023/module/EtRobocon2023.cpp:66
[33m  targetBrightness = calibrator.getTargetBrightness();[39m

/home/taki/CATdd/target_project/etrobocon2023/module/EtRobocon2023.cpp:69
[33m  setState("wait");[39m

/home/taki/CATdd/target_project/etrobocon2023/module/EtRobocon2023.cpp:71
[33m  calibrator.waitForStart();[39m

/home/taki/CATdd/target_project/etrobocon2023/module/EtRobocon2023.cpp:74
[33m  setState("start");[39m

/home/taki/CATdd/target_project/etrobocon2023/module/EtRobocon2023.cpp:77
[33m  snprintf(buf, BUF_SIZE, "\nRun on the %s Course\n", course);[39m
  snprintf(buf,  BUF_SIZE, [33m "\nRun on the %s Course\n", [39m course);
  snprintf(buf,  BUF_SIZE,  "\nRun on the %s Course\n", [33m course[39m);

/home/taki/CATdd/target_project/etrobocon2023/module/EtRobocon2023.cpp:78
[33m  logger.logHighlight(buf);[39m

/home/taki/CATdd/target_project/etrobocon2023/module/EtRobocon2023.cpp:87
[33m  lineTraceAreaMaster.run();[39m

/home/taki/CATdd/target_project/etrobocon2023/module/EtRobocon2023.cpp:89
[33m  setState("lap");[39m

/home/taki/CATdd/target_project/etrobocon2023/module/EtRobocon2023.cpp:92
[33m  doubleLoopAreaMaster.run();[39m

/home/taki/CATdd/target_project/etrobocon2023/module/EtRobocon2023.cpp:97
[33m  system(buf);[39m

/home/taki/CATdd/target_project/etrobocon2023/module/EtRobocon2023.cpp:98
[33m  blockDeTreasureAreaMaster.run();[39m

/home/taki/CATdd/target_project/etrobocon2023/module/EtRobocon2023.cpp:101
[33m  setState("finish");[39m

/home/taki/CATdd/target_project/etrobocon2023/module/EtRobocon2023.cpp:103
[33m  logger.logHighlight("The run has been completed\n");[39m

/home/taki/CATdd/target_project/etrobocon2023/module/EtRobocon2023.cpp:106
[33m  logger.outputToFile();[39m

/home/taki/CATdd/target_project/etrobocon2023/module/EtRobocon2023.cpp:112
[33m  logger.log("Forced termination.");  // 強制終了のログを出力[39m

/home/taki/CATdd/target_project/etrobocon2023/module/EtRobocon2023.cpp:113
[33m  logger.outputToFile();              // ログファイルを生成[39m

/home/taki/CATdd/target_project/etrobocon2023/module/EtRobocon2023.cpp:114
[33m  _exit(0);                           // システムコールで強制終了[39m

/home/taki/CATdd/target_project/etrobocon2023/module/EtRobocon2023.cpp:122
  snprintf(cmd_buf,  CMD_BUF_SIZE, [33m "bash ./etrobocon2023/scripts/set_state.sh %s %s", [39m state, 
  snprintf(cmd_buf,  CMD_BUF_SIZE,  "bash ./etrobocon2023/scripts/set_state.sh %s %s", [33m state, [39m

/home/taki/CATdd/target_project/etrobocon2023/module/EtRobocon2023.cpp:124
[33m  system(cmd_buf);[39m


Check "/home/taki/CATdd/target_project/etrobocon2023/module/Calibrator.cpp" based on the test.
[31m
!!! name 'Log' is not defined !!!
[39m
The following lines are not required to pass the test.
/home/taki/CATdd/target_project/etrobocon2023/module/Calibrator.cpp:2
[33m * @file Calibrator.cpp[39m

/home/taki/CATdd/target_project/etrobocon2023/module/Calibrator.cpp:3
[33m * @brief キャリブレーションからスタートまでを担当するクラス[39m

/home/taki/CATdd/target_project/etrobocon2023/module/Calibrator.cpp:4
[33m * @author aridome222 KakinokiKanta[39m

/home/taki/CATdd/target_project/etrobocon2023/module/Calibrator.cpp:9
Calibrator::Calibrator() : isLeftCourse([33mtrue[39m),  targetBrightness(50) {}

/home/taki/CATdd/target_project/etrobocon2023/module/Calibrator.cpp:15
[33m  snprintf(cmd, 256, "cd etrobocon2023/rear_camera_py && make rm-img && cd ../..");[39m
  snprintf(cmd,  256,  "cd etrobocon2023/rear_camera_py &&[33m make rm-img &&[39m cd ../..");

/home/taki/CATdd/target_project/etrobocon2023/module/Calibrator.cpp:16
[33m  system(cmd);[39m

/home/taki/CATdd/target_project/etrobocon2023/module/Calibrator.cpp:32
[33m  logger.log("Select a Course");[39m

/home/taki/CATdd/target_project/etrobocon2023/module/Calibrator.cpp:33
[33m  logger.log(">> Set Left Course");[39m

/home/taki/CATdd/target_project/etrobocon2023/module/Calibrator.cpp:35
[33m  while(!Measurer::getRightButton()) [39m

/home/taki/CATdd/target_project/etrobocon2023/module/Calibrator.cpp:39
[33m      logger.log(">> Set Left Course");[39m

/home/taki/CATdd/target_project/etrobocon2023/module/Calibrator.cpp:40
[33m      timer.sleep(500);  // 500ミリ秒スリープ[39m

/home/taki/CATdd/target_project/etrobocon2023/module/Calibrator.cpp:41
    } else if(Measurer::getLeftButton() &&[33m _isLeftCourse[39m) {
[33m    } else if(Measurer::getLeftButton() && _isLeftCourse) {[39m

/home/taki/CATdd/target_project/etrobocon2023/module/Calibrator.cpp:43
[33m      _isLeftCourse = false;[39m

/home/taki/CATdd/target_project/etrobocon2023/module/Calibrator.cpp:44
[33m      logger.log(">> Set Right Course");[39m

/home/taki/CATdd/target_project/etrobocon2023/module/Calibrator.cpp:45
[33m      timer.sleep(500);  // 500ミリ秒スリープ[39m

/home/taki/CATdd/target_project/etrobocon2023/module/Calibrator.cpp:46
[33m    } else {[39m

/home/taki/CATdd/target_project/etrobocon2023/module/Calibrator.cpp:47
[33m      timer.sleep();  // 10ミリ秒スリープ[39m

/home/taki/CATdd/target_project/etrobocon2023/module/Calibrator.cpp:51
[33m  isLeftCourse = _isLeftCourse;[39m

/home/taki/CATdd/target_project/etrobocon2023/module/Calibrator.cpp:56
  timer.sleep([33m1000[39m);  // 1秒スリープ
[33m  timer.sleep(1000);  // 1秒スリープ[39m

/home/taki/CATdd/target_project/etrobocon2023/module/Calibrator.cpp:66
[33m  targetBrightness = -1;[39m

/home/taki/CATdd/target_project/etrobocon2023/module/Calibrator.cpp:69
[33m  logger.log("Press the Left Button on the Black");[39m

/home/taki/CATdd/target_project/etrobocon2023/module/Calibrator.cpp:73
[33m  while(blackBrightness < 0 || !Measurer::getRightButton()) [39m
  while([33mblackBrightness < 0 ||[39m !Measurer::getRightButton()) {

/home/taki/CATdd/target_project/etrobocon2023/module/Calibrator.cpp:75
[33m    while(blackBrightness < 0 && !Measurer::getLeftButton()) [39m
    while([33mblackBrightness < 0 &&[39m !Measurer::getLeftButton()) {

/home/taki/CATdd/target_project/etrobocon2023/module/Calibrator.cpp:76
[33m      timer.sleep();  // 10ミリ秒スリープ[39m


Check "/home/taki/CATdd/target_project/etrobocon2023/module/Motion/AngleRotation.cpp" based on the test.
[31m
!!! name 'Log' is not defined !!!
[39m
The following lines are not required to pass the test.
/home/taki/CATdd/target_project/etrobocon2023/module/Motion/AngleRotation.cpp:2
[33m * @file   AngleRotation.cpp[39m

/home/taki/CATdd/target_project/etrobocon2023/module/Motion/AngleRotation.cpp:3
[33m * @brief  角度指定による回頭動作[39m

/home/taki/CATdd/target_project/etrobocon2023/module/Motion/AngleRotation.cpp:4
[33m * @author desty505 bizyutyu[39m

/home/taki/CATdd/target_project/etrobocon2023/module/Motion/AngleRotation.cpp:9
[33musing namespace std;[39m


Check "/home/taki/CATdd/target_project/etrobocon2023/module/Motion/InCrossLeft.cpp" based on the test.
The following lines are not required to pass the test.
/home/taki/CATdd/target_project/etrobocon2023/module/Motion/InCrossLeft.cpp:2
[33m * @file InCrossLeft.cpp[39m

/home/taki/CATdd/target_project/etrobocon2023/module/Motion/InCrossLeft.cpp:3
[33m * @brief 交点内移動（左折）のクラス[39m

/home/taki/CATdd/target_project/etrobocon2023/module/Motion/InCrossLeft.cpp:4
[33m * @author YKhm20020[39m

/home/taki/CATdd/target_project/etrobocon2023/module/Motion/InCrossLeft.cpp:9
[33musing namespace std;[39m

/home/taki/CATdd/target_project/etrobocon2023/module/Motion/InCrossLeft.cpp:16
[33m  if(!isMetPrecondition()) [39m

/home/taki/CATdd/target_project/etrobocon2023/module/Motion/InCrossLeft.cpp:17
[33m    return;[39m

/home/taki/CATdd/target_project/etrobocon2023/module/Motion/InCrossLeft.cpp:25
[33m  ds.run();[39m

/home/taki/CATdd/target_project/etrobocon2023/module/Motion/InCrossLeft.cpp:27
[33m  rotation.run();[39m

/home/taki/CATdd/target_project/etrobocon2023/module/Motion/InCrossLeft.cpp:29
[33m  ds.run();[39m

/home/taki/CATdd/target_project/etrobocon2023/module/Motion/InCrossLeft.cpp:31
[33m  ec.run();[39m

/home/taki/CATdd/target_project/etrobocon2023/module/Motion/InCrossLeft.cpp:43
[33m    logger.logWarning(buf);[39m

/home/taki/CATdd/target_project/etrobocon2023/module/Motion/InCrossLeft.cpp:44
[33m    return false;[39m

/home/taki/CATdd/target_project/etrobocon2023/module/Motion/InCrossLeft.cpp:49
[33m    snprintf(buf, BUF_SIZE, "The dsTargetSpeed value passed to InCrossLeft is 0");[39m

/home/taki/CATdd/target_project/etrobocon2023/module/Motion/InCrossLeft.cpp:50
[33m    logger.logWarning(buf);[39m

/home/taki/CATdd/target_project/etrobocon2023/module/Motion/InCrossLeft.cpp:51
[33m    return false;[39m

/home/taki/CATdd/target_project/etrobocon2023/module/Motion/InCrossLeft.cpp:56
[33m    snprintf(buf, BUF_SIZE, "The prPwm value passed to InCrossLeft is 0");[39m

/home/taki/CATdd/target_project/etrobocon2023/module/Motion/InCrossLeft.cpp:57
[33m    logger.logWarning(buf);[39m

/home/taki/CATdd/target_project/etrobocon2023/module/Motion/InCrossLeft.cpp:58
[33m    return false;[39m

/home/taki/CATdd/target_project/etrobocon2023/module/Motion/InCrossLeft.cpp:62
  if(targetAngle <= 0 ||[33m targetAngle >= 360[39m) {
  if([33mtargetAngle <= 0 ||[39m targetAngle >= 360) {

/home/taki/CATdd/target_project/etrobocon2023/module/Motion/InCrossLeft.cpp:63
    snprintf(buf,  BUF_SIZE,  "The targetAngle value passed to InCrossLeft is %d", [33m targetAngle[39m);
[33m    snprintf(buf, BUF_SIZE, "The targetAngle value passed to InCrossLeft is %d", targetAngle);[39m

/home/taki/CATdd/target_project/etrobocon2023/module/Motion/InCrossLeft.cpp:64
[33m    logger.logWarning(buf);[39m

/home/taki/CATdd/target_project/etrobocon2023/module/Motion/InCrossLeft.cpp:65
[33m    return false;[39m

/home/taki/CATdd/target_project/etrobocon2023/module/Motion/InCrossLeft.cpp:68
[33m  return true;[39m

/home/taki/CATdd/target_project/etrobocon2023/module/Motion/InCrossLeft.cpp:77
           "Run InCrossLeft (targetDistance: %.2f, [33m dsTargetSpeed: %.2f, [39m targetAngle: %d,  "
[33m           "Run InCrossLeft (targetDistance: %.2f, dsTargetSpeed: %.2f, targetAngle: %d, "[39m
           "Run InCrossLeft ([33mtargetDistance: %.2f, [39m dsTargetSpeed: %.2f,  targetAngle: %d,  "
           "Run InCrossLeft (targetDistance: %.2f,  dsTargetSpeed: %.2f, [33m targetAngle: %d, [39m "

/home/taki/CATdd/target_project/etrobocon2023/module/Motion/InCrossLeft.cpp:79
           targetDistance, [33m dsTargetSpeed, [39m targetAngle,  prPwm);
           targetDistance,  dsTargetSpeed, [33m targetAngle, [39m prPwm);
[33m           targetDistance, [39m dsTargetSpeed,  targetAngle,  prPwm);
           targetDistance,  dsTargetSpeed,  targetAngle, [33m prPwm[39m);

/home/taki/CATdd/target_project/etrobocon2023/module/Motion/InCrossLeft.cpp:80
[33m  logger.log(buf);[39m


Check "/home/taki/CATdd/target_project/etrobocon2023/module/Motion/Sleeping.cpp" based on the test.
The following lines are not required to pass the test.
/home/taki/CATdd/target_project/etrobocon2023/module/Motion/Sleeping.cpp:2
[33m * @file   Sleeping.cpp[39m

/home/taki/CATdd/target_project/etrobocon2023/module/Motion/Sleeping.cpp:3
[33m * @brief  自タスクスリープ[39m

/home/taki/CATdd/target_project/etrobocon2023/module/Motion/Sleeping.cpp:4
[33m * @author aridome222[39m

/home/taki/CATdd/target_project/etrobocon2023/module/Motion/Sleeping.cpp:8
[33m#include "Timer.h"[39m

/home/taki/CATdd/target_project/etrobocon2023/module/Motion/Sleeping.cpp:10
Sleeping::Sleeping(int _milliSec) : milliSec([33m_milliSec[39m) {}

/home/taki/CATdd/target_project/etrobocon2023/module/Motion/Sleeping.cpp:14
[33m  timer.sleep(milliSec);[39m
  timer.sleep([33mmilliSec[39m);

/home/taki/CATdd/target_project/etrobocon2023/module/Motion/Sleeping.cpp:19
[33m  logger.log("Run Sleeping");[39m


Check "/home/taki/CATdd/target_project/etrobocon2023/module/Motion/PwmRotation.cpp" based on the test.
[31m
!!! name 'Log' is not defined !!!
[39m
The following lines are not required to pass the test.
/home/taki/CATdd/target_project/etrobocon2023/module/Motion/PwmRotation.cpp:2
[33m * @file   PwmRotation.cpp[39m

/home/taki/CATdd/target_project/etrobocon2023/module/Motion/PwmRotation.cpp:3
[33m * @brief  Pwm指定回頭動作[39m

/home/taki/CATdd/target_project/etrobocon2023/module/Motion/PwmRotation.cpp:4
[33m * @author Negimarge[39m

/home/taki/CATdd/target_project/etrobocon2023/module/Motion/PwmRotation.cpp:9
[33musing namespace std;[39m

/home/taki/CATdd/target_project/etrobocon2023/module/Motion/PwmRotation.cpp:12
  : angle(_angle),  pwm(_pwm),  isClockwise([33m_isClockwise[39m)


Check "/home/taki/CATdd/target_project/etrobocon2023/module/Motion/BackRotation.cpp" based on the test.
The following lines are not required to pass the test.
/home/taki/CATdd/target_project/etrobocon2023/module/Motion/BackRotation.cpp:2
[33m * @file BackRotation.cpp[39m

/home/taki/CATdd/target_project/etrobocon2023/module/Motion/BackRotation.cpp:3
[33m * @brief 交点振り向きのクラス[39m

/home/taki/CATdd/target_project/etrobocon2023/module/Motion/BackRotation.cpp:4
[33m * @author miyashita64[39m

/home/taki/CATdd/target_project/etrobocon2023/module/Motion/BackRotation.cpp:9
[33musing namespace std;[39m

/home/taki/CATdd/target_project/etrobocon2023/module/Motion/BackRotation.cpp:16
[33m  if(!isMetPrecondition()) [39m

/home/taki/CATdd/target_project/etrobocon2023/module/Motion/BackRotation.cpp:17
[33m    return;[39m

/home/taki/CATdd/target_project/etrobocon2023/module/Motion/BackRotation.cpp:24
[33m  rotation.run();[39m

/home/taki/CATdd/target_project/etrobocon2023/module/Motion/BackRotation.cpp:25
[33m  edgeChange.run();[39m

/home/taki/CATdd/target_project/etrobocon2023/module/Motion/BackRotation.cpp:35
[33m    snprintf(buf, BUF_SIZE, "The prPwm value passed to BackRotation is 0");[39m

/home/taki/CATdd/target_project/etrobocon2023/module/Motion/BackRotation.cpp:36
[33m    logger.logWarning(buf);[39m

/home/taki/CATdd/target_project/etrobocon2023/module/Motion/BackRotation.cpp:37
[33m    return false;[39m

/home/taki/CATdd/target_project/etrobocon2023/module/Motion/BackRotation.cpp:41
  if(targetAngle <= 0 ||[33m targetAngle >= 360[39m) {
  if([33mtargetAngle <= 0 ||[39m targetAngle >= 360) {

/home/taki/CATdd/target_project/etrobocon2023/module/Motion/BackRotation.cpp:42
    snprintf(buf,  BUF_SIZE,  "The targetAngle value passed to BackRotation is %d", [33m targetAngle[39m);
[33m    snprintf(buf, BUF_SIZE, "The targetAngle value passed to BackRotation is %d", targetAngle);[39m

/home/taki/CATdd/target_project/etrobocon2023/module/Motion/BackRotation.cpp:43
[33m    logger.logWarning(buf);[39m

/home/taki/CATdd/target_project/etrobocon2023/module/Motion/BackRotation.cpp:44
[33m    return false;[39m

/home/taki/CATdd/target_project/etrobocon2023/module/Motion/BackRotation.cpp:47
[33m  return true;[39m

/home/taki/CATdd/target_project/etrobocon2023/module/Motion/BackRotation.cpp:55
  snprintf(buf,  BUF_SIZE,  "Run BackRotation (targetAngle: %d, [33m prPwm: %d[39m)",  targetAngle,  prPwm);
  snprintf(buf,  BUF_SIZE,  "Run BackRotation ([33mtargetAngle: %d, [39m prPwm: %d)",  targetAngle,  prPwm);
  snprintf(buf,  BUF_SIZE,  "Run BackRotation (targetAngle: %d,  prPwm: %d)",  targetAngle, [33m prPwm[39m);
  snprintf(buf,  BUF_SIZE,  "Run BackRotation (targetAngle: %d,  prPwm: %d)", [33m targetAngle, [39m prPwm);
[33m  snprintf(buf, BUF_SIZE, "Run BackRotation (targetAngle: %d, prPwm: %d)", targetAngle, prPwm);[39m

/home/taki/CATdd/target_project/etrobocon2023/module/Motion/BackRotation.cpp:56
[33m  logger.log(buf);[39m


Check "/home/taki/CATdd/target_project/etrobocon2023/module/Motion/LineTracing.cpp" based on the test.
[31m
!!! name 'Log' is not defined !!!
[39m
The following lines are not required to pass the test.
/home/taki/CATdd/target_project/etrobocon2023/module/Motion/LineTracing.cpp:2
[33m * @file   LineTracing.cpp[39m

/home/taki/CATdd/target_project/etrobocon2023/module/Motion/LineTracing.cpp:3
[33m * @brief  ライントレース動作の中間クラス[39m

/home/taki/CATdd/target_project/etrobocon2023/module/Motion/LineTracing.cpp:4
[33m * @author YKhm20020 bizyutyu[39m

/home/taki/CATdd/target_project/etrobocon2023/module/Motion/LineTracing.cpp:13
    targetBrightness([33m_targetBrightness[39m), 

/home/taki/CATdd/target_project/etrobocon2023/module/Motion/LineTracing.cpp:22
[33m  initialDistance = 0.0;  // 実行前の走行距離[39m
[33m  initialDistance = 0.0;[39m  // 実行前の走行距離

/home/taki/CATdd/target_project/etrobocon2023/module/Motion/LineTracing.cpp:23
[33m  currentDistance = 0.0;[39m  // 現在の走行距離
[33m  currentDistance = 0.0;  // 現在の走行距離[39m

/home/taki/CATdd/target_project/etrobocon2023/module/Motion/LineTracing.cpp:26
  double initDeviation = double([33mtargetBrightness[39m) - double(Measurer::getBrightness());

/home/taki/CATdd/target_project/etrobocon2023/module/Motion/LineTracing.cpp:27
  Pid pid(gain.kp, [33m gain.ki, [39m gain.kd,  targetBrightness,  initDeviation,  timeConstant);
  Pid pid([33mgain.kp, [39m gain.ki,  gain.kd,  targetBrightness,  initDeviation,  timeConstant);
  Pid pid(gain.kp,  gain.ki,  gain.kd,  targetBrightness,  initDeviation, [33m timeConstant[39m);
  Pid pid(gain.kp,  gain.ki, [33m gain.kd, [39m targetBrightness,  initDeviation,  timeConstant);
  Pid pid(gain.kp,  gain.ki,  gain.kd,  targetBrightness, [33m initDeviation, [39m timeConstant);
  Pid pid(gain.kp,  gain.ki,  gain.kd, [33m targetBrightness, [39m initDeviation,  timeConstant);


Check "/home/taki/CATdd/target_project/etrobocon2023/module/Motion/Stop.cpp" based on the test.
The following lines are not required to pass the test.
/home/taki/CATdd/target_project/etrobocon2023/module/Motion/Stop.cpp:2
[33m * @file   Stop.cpp[39m

/home/taki/CATdd/target_project/etrobocon2023/module/Motion/Stop.cpp:3
[33m * @brief  モーターストップ[39m

/home/taki/CATdd/target_project/etrobocon2023/module/Motion/Stop.cpp:4
[33m * @author bizyutyu[39m

/home/taki/CATdd/target_project/etrobocon2023/module/Motion/Stop.cpp:13
[33m  Controller::stopMotor();[39m

/home/taki/CATdd/target_project/etrobocon2023/module/Motion/Stop.cpp:18
[33m  logger.log("Run Stop");[39m


Check "/home/taki/CATdd/target_project/etrobocon2023/module/Motion/Rotation.cpp" based on the test.
[31m
!!! name 'Log' is not defined !!!
[39m
The following lines are not required to pass the test.
/home/taki/CATdd/target_project/etrobocon2023/module/Motion/Rotation.cpp:2
[33m * @file   Rotation.cpp[39m

/home/taki/CATdd/target_project/etrobocon2023/module/Motion/Rotation.cpp:3
[33m * @brief  回頭動作の中間クラス[39m

/home/taki/CATdd/target_project/etrobocon2023/module/Motion/Rotation.cpp:4
[33m * @author desty505 bizyutyu[39m

/home/taki/CATdd/target_project/etrobocon2023/module/Motion/Rotation.cpp:9
[33musing namespace std;[39m


Check "/home/taki/CATdd/target_project/etrobocon2023/module/Motion/Motion.cpp" based on the test.
The following lines are not required to pass the test.
/home/taki/CATdd/target_project/etrobocon2023/module/Motion/Motion.cpp:2
[33m * @file   Motion.cpp[39m

/home/taki/CATdd/target_project/etrobocon2023/module/Motion/Motion.cpp:3
[33m * @brief  動作の親クラス[39m

/home/taki/CATdd/target_project/etrobocon2023/module/Motion/Motion.cpp:4
[33m * @author desty505[39m


Check "/home/taki/CATdd/target_project/etrobocon2023/module/Motion/CrossToCross.cpp" based on the test.
The following lines are not required to pass the test.
/home/taki/CATdd/target_project/etrobocon2023/module/Motion/CrossToCross.cpp:2
[33m * @file CrossToCross.cpp[39m

/home/taki/CATdd/target_project/etrobocon2023/module/Motion/CrossToCross.cpp:3
[33m * @brief 交点から交点までライントレースするクラス[39m

/home/taki/CATdd/target_project/etrobocon2023/module/Motion/CrossToCross.cpp:4
[33m * @author YKhm20020[39m

/home/taki/CATdd/target_project/etrobocon2023/module/Motion/CrossToCross.cpp:9
[33musing namespace std;[39m

/home/taki/CATdd/target_project/etrobocon2023/module/Motion/CrossToCross.cpp:12
  : targetColor(_targetColor),  targetBrightness([33m_targetBrightness[39m),  isLeftEdge(_isLeftEdge){};

/home/taki/CATdd/target_project/etrobocon2023/module/Motion/CrossToCross.cpp:17
[33m  if(!isMetPrecondition()) [39m

/home/taki/CATdd/target_project/etrobocon2023/module/Motion/CrossToCross.cpp:18
[33m    return;[39m

/home/taki/CATdd/target_project/etrobocon2023/module/Motion/CrossToCross.cpp:24
[33m  cl.run();[39m

/home/taki/CATdd/target_project/etrobocon2023/module/Motion/CrossToCross.cpp:34
[33m    logger.logWarning("The targetColor passed to CrossToCross is NONE");[39m

/home/taki/CATdd/target_project/etrobocon2023/module/Motion/CrossToCross.cpp:35
[33m    return false;[39m

/home/taki/CATdd/target_project/etrobocon2023/module/Motion/CrossToCross.cpp:40
[33m    snprintf(buf, BUF_SIZE, "The targetSpeed value passed to CrossToCross is 0");[39m

/home/taki/CATdd/target_project/etrobocon2023/module/Motion/CrossToCross.cpp:41
[33m    logger.logWarning(buf);[39m

/home/taki/CATdd/target_project/etrobocon2023/module/Motion/CrossToCross.cpp:42
[33m    return false;[39m

/home/taki/CATdd/target_project/etrobocon2023/module/Motion/CrossToCross.cpp:45
[33m  return true;[39m

/home/taki/CATdd/target_project/etrobocon2023/module/Motion/CrossToCross.cpp:55
           "Run CrossToCross (targetColor: %s, [33m targetSpeed: %.2f, [39m targetBrightness: %d,  gain: "
[33m           "Run CrossToCross (targetColor: %s, targetSpeed: %.2f, targetBrightness: %d, gain: "[39m

/home/taki/CATdd/target_project/etrobocon2023/module/Motion/CrossToCross.cpp:56
           "(%.2f, [33m%.2f, [39m%.2f),  isLeftEdge: %s)", 
           "([33m%.2f, [39m%.2f, %.2f),  isLeftEdge: %s)", 
           "(%.2f, %.2f, %.2f), [33m isLeftEdge: %s[39m)", 
           "(%.2f, %.2f, [33m%.2f[39m),  isLeftEdge: %s)", 

/home/taki/CATdd/target_project/etrobocon2023/module/Motion/CrossToCross.cpp:57
           ColorJudge::colorToString(targetColor),  targetSpeed, [33m targetBrightness, [39m gain.kp,  gain.ki, 
           ColorJudge::colorToString(targetColor),  targetSpeed,  targetBrightness,  gain.kp, [33m gain.ki, [39m
           ColorJudge::colorToString(targetColor), [33m targetSpeed, [39m targetBrightness,  gain.kp,  gain.ki, 
           ColorJudge::colorToString(targetColor),  targetSpeed,  targetBrightness, [33m gain.kp, [39m gain.ki, 
[33m           ColorJudge::colorToString(targetColor), targetSpeed, targetBrightness, gain.kp, gain.ki,[39m

/home/taki/CATdd/target_project/etrobocon2023/module/Motion/CrossToCross.cpp:58
           gain.kd, [33m str[39m);
[33m           gain.kd, [39m str);

/home/taki/CATdd/target_project/etrobocon2023/module/Motion/CrossToCross.cpp:59
[33m  logger.log(buf);[39m


Check "/home/taki/CATdd/target_project/etrobocon2023/module/Motion/CompositeMotion.cpp" based on the test.
The following lines are not required to pass the test.
/home/taki/CATdd/target_project/etrobocon2023/module/Motion/CompositeMotion.cpp:2
[33m * @file   CompositeMotion.cpp[39m

/home/taki/CATdd/target_project/etrobocon2023/module/Motion/CompositeMotion.cpp:3
[33m * @brief  合成動作クラス[39m

/home/taki/CATdd/target_project/etrobocon2023/module/Motion/CompositeMotion.cpp:4
[33m * @author bizyutyu[39m


Check "/home/taki/CATdd/target_project/etrobocon2023/module/Motion/ColorLineTracing.cpp" based on the test.
[31m
!!! name 'Log' is not defined !!!
[39m
The following lines are not required to pass the test.
/home/taki/CATdd/target_project/etrobocon2023/module/Motion/ColorLineTracing.cpp:2
[33m * @file   ColorLineTracing.cpp[39m

/home/taki/CATdd/target_project/etrobocon2023/module/Motion/ColorLineTracing.cpp:3
[33m * @brief  指定色ライントレース動作[39m

/home/taki/CATdd/target_project/etrobocon2023/module/Motion/ColorLineTracing.cpp:4
[33m * @author YKhm20020 bizyutyu[39m

/home/taki/CATdd/target_project/etrobocon2023/module/Motion/ColorLineTracing.cpp:9
[33musing namespace std;[39m

/home/taki/CATdd/target_project/etrobocon2023/module/Motion/ColorLineTracing.cpp:24
[33m    return false;[39m


Check "/home/taki/CATdd/target_project/etrobocon2023/module/Motion/CameraAction.cpp" based on the test.
The following lines are not required to pass the test.
/home/taki/CATdd/target_project/etrobocon2023/module/Motion/CameraAction.cpp:2
[33m * @file   CameraAction.cpp[39m

/home/taki/CATdd/target_project/etrobocon2023/module/Motion/CameraAction.cpp:3
[33m * @brief  ミニフィグ撮影動作[39m

/home/taki/CATdd/target_project/etrobocon2023/module/Motion/CameraAction.cpp:4
[33m * @author bizyutyu YKhm20020 kawanoichi miyashita64[39m

/home/taki/CATdd/target_project/etrobocon2023/module/Motion/CameraAction.cpp:9
[33musing namespace std;[39m

/home/taki/CATdd/target_project/etrobocon2023/module/Motion/CameraAction.cpp:16
  : subject([33m_subject[39m), 

/home/taki/CATdd/target_project/etrobocon2023/module/Motion/CameraAction.cpp:17
[33m    isClockwise(_isClockwise),[39m
    isClockwise([33m_isClockwise[39m), 

/home/taki/CATdd/target_project/etrobocon2023/module/Motion/CameraAction.cpp:18
    preTargetAngle([33m_preTargetAngle[39m), 

/home/taki/CATdd/target_project/etrobocon2023/module/Motion/CameraAction.cpp:19
    postTargetAngle([33m_postTargetAngle[39m){};

/home/taki/CATdd/target_project/etrobocon2023/module/Motion/CameraAction.cpp:24
[33m  if(!isMetPrecondition()) [39m

/home/taki/CATdd/target_project/etrobocon2023/module/Motion/CameraAction.cpp:25
[33m    return;[39m

/home/taki/CATdd/target_project/etrobocon2023/module/Motion/CameraAction.cpp:34
[33m    prePR.run();[39m

/home/taki/CATdd/target_project/etrobocon2023/module/Motion/CameraAction.cpp:35
[33m    sl.run();[39m

/home/taki/CATdd/target_project/etrobocon2023/module/Motion/CameraAction.cpp:39
[33m  if(subject == CameraAction::Subject::B) [39m

/home/taki/CATdd/target_project/etrobocon2023/module/Motion/CameraAction.cpp:41
[33m    dsToFig.run();[39m

/home/taki/CATdd/target_project/etrobocon2023/module/Motion/CameraAction.cpp:49
[33m    countShootA++;[39m

/home/taki/CATdd/target_project/etrobocon2023/module/Motion/CameraAction.cpp:50
    sprintf(imageName,  "FigA_%d.png", [33m countShootA[39m);
[33m    sprintf(imageName, "FigA_%d.png", countShootA);[39m

/home/taki/CATdd/target_project/etrobocon2023/module/Motion/CameraAction.cpp:51
[33m    sprintf(makeImageCommand, "image");[39m

/home/taki/CATdd/target_project/etrobocon2023/module/Motion/CameraAction.cpp:52
[33m  } else if(subject == CameraAction::Subject::B) {[39m

/home/taki/CATdd/target_project/etrobocon2023/module/Motion/CameraAction.cpp:53
[33m    sprintf(imageName, "FigB.png");[39m

/home/taki/CATdd/target_project/etrobocon2023/module/Motion/CameraAction.cpp:54
[33m    sprintf(makeImageCommand, "snap_image");[39m

/home/taki/CATdd/target_project/etrobocon2023/module/Motion/CameraAction.cpp:55
[33m  } else if(subject == CameraAction::Subject::BLOCK_AREA) {[39m

/home/taki/CATdd/target_project/etrobocon2023/module/Motion/CameraAction.cpp:56
[33m    sprintf(imageName, "BlockDeTreasure.png");[39m

/home/taki/CATdd/target_project/etrobocon2023/module/Motion/CameraAction.cpp:57
[33m    sprintf(makeImageCommand, "snap_image");[39m

/home/taki/CATdd/target_project/etrobocon2023/module/Motion/CameraAction.cpp:62
  snprintf(cmd,  256,  "cd etrobocon2023/rear_camera_py &&[33m make %s SAVE_NAME=%s &&[39m cd ../..", 

/home/taki/CATdd/target_project/etrobocon2023/module/Motion/CameraAction.cpp:64
[33m  system(cmd);[39m

/home/taki/CATdd/target_project/etrobocon2023/module/Motion/CameraAction.cpp:66
[33m  printf("%s\n", cmd);[39m
  printf([33m"%s\n", [39m cmd);
  printf("%s\n", [33m cmd[39m);

/home/taki/CATdd/target_project/etrobocon2023/module/Motion/CameraAction.cpp:69
[33m  if(subject == CameraAction::Subject::B) [39m

/home/taki/CATdd/target_project/etrobocon2023/module/Motion/CameraAction.cpp:71
[33m    dsToLine.run();[39m

/home/taki/CATdd/target_project/etrobocon2023/module/Motion/CameraAction.cpp:76
[33m    sl.run();[39m

/home/taki/CATdd/target_project/etrobocon2023/module/Motion/CameraAction.cpp:77
[33m    postPR.run();[39m

/home/taki/CATdd/target_project/etrobocon2023/module/Motion/CameraAction.cpp:87
  if([33mpreTargetAngle < 0 ||[39m preTargetAngle >= 360) {
  if(preTargetAngle < 0 ||[33m preTargetAngle >= 360[39m) {

/home/taki/CATdd/target_project/etrobocon2023/module/Motion/CameraAction.cpp:88
[33m    snprintf(buf, BUF_SIZE, "The preTargetAngle value passed to preRotation is %d", preTargetAngle);[39m
    snprintf(buf,  BUF_SIZE,  "The preTargetAngle value passed to preRotation is %d", [33m preTargetAngle[39m);

/home/taki/CATdd/target_project/etrobocon2023/module/Motion/CameraAction.cpp:89
[33m    logger.logWarning(buf);[39m

/home/taki/CATdd/target_project/etrobocon2023/module/Motion/CameraAction.cpp:90
[33m    return false;[39m

/home/taki/CATdd/target_project/etrobocon2023/module/Motion/CameraAction.cpp:91
[33m  } else if(preTargetAngle == 0) {[39m

/home/taki/CATdd/target_project/etrobocon2023/module/Motion/CameraAction.cpp:92
[33m    snprintf(buf, BUF_SIZE, "The preTargetAngle value passed to preRotation is %d", preTargetAngle);[39m
    snprintf(buf,  BUF_SIZE,  "The preTargetAngle value passed to preRotation is %d", [33m preTargetAngle[39m);

/home/taki/CATdd/target_project/etrobocon2023/module/Motion/CameraAction.cpp:93
[33m    logger.logHighlight(buf);[39m

/home/taki/CATdd/target_project/etrobocon2023/module/Motion/CameraAction.cpp:97
  if([33mpostTargetAngle < 0 ||[39m postTargetAngle >= 360) {
  if(postTargetAngle < 0 ||[33m postTargetAngle >= 360[39m) {

/home/taki/CATdd/target_project/etrobocon2023/module/Motion/CameraAction.cpp:100
[33m    logger.logWarning(buf);[39m

/home/taki/CATdd/target_project/etrobocon2023/module/Motion/CameraAction.cpp:101
[33m    return false;[39m

/home/taki/CATdd/target_project/etrobocon2023/module/Motion/CameraAction.cpp:102
[33m  } else if(postTargetAngle == 0) {[39m

/home/taki/CATdd/target_project/etrobocon2023/module/Motion/CameraAction.cpp:105
[33m    logger.logHighlight(buf);[39m

/home/taki/CATdd/target_project/etrobocon2023/module/Motion/CameraAction.cpp:109
[33m  if(subject == CameraAction::Subject::A) [39m

/home/taki/CATdd/target_project/etrobocon2023/module/Motion/CameraAction.cpp:114
      snprintf(buf,  BUF_SIZE,  "The skip flag is exist as a file %s.", [33m SKIP_FLAG_PATH[39m);
[33m      snprintf(buf, BUF_SIZE, "The skip flag is exist as a file %s.", SKIP_FLAG_PATH);[39m
      snprintf(buf,  BUF_SIZE, [33m "The skip flag is exist as a file %s.", [39m SKIP_FLAG_PATH);

/home/taki/CATdd/target_project/etrobocon2023/module/Motion/CameraAction.cpp:115
[33m      logger.logHighlight(buf);[39m

/home/taki/CATdd/target_project/etrobocon2023/module/Motion/CameraAction.cpp:116
[33m      fclose(fp);[39m

/home/taki/CATdd/target_project/etrobocon2023/module/Motion/CameraAction.cpp:117
[33m      return false;[39m

/home/taki/CATdd/target_project/etrobocon2023/module/Motion/CameraAction.cpp:121
[33m  return true;[39m

/home/taki/CATdd/target_project/etrobocon2023/module/Motion/CameraAction.cpp:131
           "Run CameraAction (isClockwise: %s, [33m preTargetAngle: %d, [39m postTargetAngle: %d)", 
           "Run CameraAction ([33misClockwise: %s, [39m preTargetAngle: %d,  postTargetAngle: %d)", 
           "Run CameraAction (isClockwise: %s,  preTargetAngle: %d, [33m postTargetAngle: %d[39m)", 
[33m           "Run CameraAction (isClockwise: %s, preTargetAngle: %d, postTargetAngle: %d)",[39m

/home/taki/CATdd/target_project/etrobocon2023/module/Motion/CameraAction.cpp:132
           isClockwisestr,  preTargetAngle, [33m postTargetAngle[39m);
           isClockwisestr, [33m preTargetAngle, [39m postTargetAngle);

/home/taki/CATdd/target_project/etrobocon2023/module/Motion/CameraAction.cpp:133
[33m  logger.log(buf);[39m


Check "/home/taki/CATdd/target_project/etrobocon2023/module/Motion/BlockThrowing.cpp" based on the test.
The following lines are not required to pass the test.
/home/taki/CATdd/target_project/etrobocon2023/module/Motion/BlockThrowing.cpp:2
[33m * @file   BlockThrowing.cpp[39m

/home/taki/CATdd/target_project/etrobocon2023/module/Motion/BlockThrowing.cpp:3
[33m * @brief  ブロック投げ入れ動作[39m

/home/taki/CATdd/target_project/etrobocon2023/module/Motion/BlockThrowing.cpp:4
[33m * @author KakinokiKanta[39m

/home/taki/CATdd/target_project/etrobocon2023/module/Motion/BlockThrowing.cpp:9
[33musing namespace std;[39m

/home/taki/CATdd/target_project/etrobocon2023/module/Motion/BlockThrowing.cpp:24
[33m  prePR.run();[39m

/home/taki/CATdd/target_project/etrobocon2023/module/Motion/BlockThrowing.cpp:25
[33m  sl.run();[39m

/home/taki/CATdd/target_project/etrobocon2023/module/Motion/BlockThrowing.cpp:26
[33m  preDS.run();[39m

/home/taki/CATdd/target_project/etrobocon2023/module/Motion/BlockThrowing.cpp:29
[33m  raiseAM.run();[39m

/home/taki/CATdd/target_project/etrobocon2023/module/Motion/BlockThrowing.cpp:32
[33m  postDS.run();[39m

/home/taki/CATdd/target_project/etrobocon2023/module/Motion/BlockThrowing.cpp:33
[33m  sl.run();[39m

/home/taki/CATdd/target_project/etrobocon2023/module/Motion/BlockThrowing.cpp:34
[33m  postPR.run();[39m

/home/taki/CATdd/target_project/etrobocon2023/module/Motion/BlockThrowing.cpp:37
[33m  sl.run();[39m

/home/taki/CATdd/target_project/etrobocon2023/module/Motion/BlockThrowing.cpp:38
[33m  lowerAM.run();[39m

/home/taki/CATdd/target_project/etrobocon2023/module/Motion/BlockThrowing.cpp:46
[33m  snprintf(buf, BUF_SIZE, "Run BlockThrowing");[39m

/home/taki/CATdd/target_project/etrobocon2023/module/Motion/BlockThrowing.cpp:47
[33m  logger.log(buf);[39m


Check "/home/taki/CATdd/target_project/etrobocon2023/module/Motion/InCrossStraight.cpp" based on the test.
The following lines are not required to pass the test.
/home/taki/CATdd/target_project/etrobocon2023/module/Motion/InCrossStraight.cpp:2
[33m * @file InCrossStraight.cpp[39m

/home/taki/CATdd/target_project/etrobocon2023/module/Motion/InCrossStraight.cpp:3
[33m * @brief 交点内移動（直進）のクラス[39m

/home/taki/CATdd/target_project/etrobocon2023/module/Motion/InCrossStraight.cpp:4
[33m * @author YKhm20020[39m

/home/taki/CATdd/target_project/etrobocon2023/module/Motion/InCrossStraight.cpp:9
[33musing namespace std;[39m

/home/taki/CATdd/target_project/etrobocon2023/module/Motion/InCrossStraight.cpp:16
[33m  if(!isMetPrecondition()) [39m

/home/taki/CATdd/target_project/etrobocon2023/module/Motion/InCrossStraight.cpp:17
[33m    return;[39m

/home/taki/CATdd/target_project/etrobocon2023/module/Motion/InCrossStraight.cpp:23
[33m  ds.run();[39m

/home/taki/CATdd/target_project/etrobocon2023/module/Motion/InCrossStraight.cpp:35
[33m    logger.logWarning(buf);[39m

/home/taki/CATdd/target_project/etrobocon2023/module/Motion/InCrossStraight.cpp:36
[33m    return false;[39m

/home/taki/CATdd/target_project/etrobocon2023/module/Motion/InCrossStraight.cpp:41
[33m    snprintf(buf, BUF_SIZE, "The targetSpeed value passed to InCrossStraight is 0");[39m

/home/taki/CATdd/target_project/etrobocon2023/module/Motion/InCrossStraight.cpp:42
[33m    logger.logWarning(buf);[39m

/home/taki/CATdd/target_project/etrobocon2023/module/Motion/InCrossStraight.cpp:43
[33m    return false;[39m

/home/taki/CATdd/target_project/etrobocon2023/module/Motion/InCrossStraight.cpp:46
[33m  return true;[39m

/home/taki/CATdd/target_project/etrobocon2023/module/Motion/InCrossStraight.cpp:54
  snprintf(buf,  BUF_SIZE,  "Run InCrossStraight ([33mtargetDistance: %.2f, [39m targetSpeed: %.2f)", 
  snprintf(buf,  BUF_SIZE,  "Run InCrossStraight (targetDistance: %.2f, [33m targetSpeed: %.2f[39m)", 

/home/taki/CATdd/target_project/etrobocon2023/module/Motion/InCrossStraight.cpp:55
[33m           targetDistance, [39m targetSpeed);
           targetDistance, [33m targetSpeed[39m);

/home/taki/CATdd/target_project/etrobocon2023/module/Motion/InCrossStraight.cpp:56
[33m  logger.log(buf);[39m


Check "/home/taki/CATdd/target_project/etrobocon2023/module/Motion/EdgeChanging.cpp" based on the test.
The following lines are not required to pass the test.
/home/taki/CATdd/target_project/etrobocon2023/module/Motion/EdgeChanging.cpp:2
[33m * @file   EdgeChanging.cpp[39m

/home/taki/CATdd/target_project/etrobocon2023/module/Motion/EdgeChanging.cpp:3
[33m * @brief  エッジ切り替え[39m

/home/taki/CATdd/target_project/etrobocon2023/module/Motion/EdgeChanging.cpp:4
[33m * @author aridome222[39m

/home/taki/CATdd/target_project/etrobocon2023/module/Motion/EdgeChanging.cpp:26
  snprintf(buf,  BUF_SIZE,  "Run EdgeChanging (isLeftEdge: %s, [33m nextEdge: %s[39m)",  isLeftEdgeStr, 
  snprintf(buf,  BUF_SIZE,  "Run EdgeChanging ([33misLeftEdge: %s, [39m nextEdge: %s)",  isLeftEdgeStr, 

/home/taki/CATdd/target_project/etrobocon2023/module/Motion/EdgeChanging.cpp:28
[33m  logger.log(buf);[39m


Check "/home/taki/CATdd/target_project/etrobocon2023/module/Motion/ColorStraight.cpp" based on the test.
[31m
!!! name 'Log' is not defined !!!
[39m
The following lines are not required to pass the test.
/home/taki/CATdd/target_project/etrobocon2023/module/Motion/ColorStraight.cpp:2
[33m * @file   ColorStraight.cpp[39m

/home/taki/CATdd/target_project/etrobocon2023/module/Motion/ColorStraight.cpp:3
[33m * @brief  目標色まで直進するクラス[39m

/home/taki/CATdd/target_project/etrobocon2023/module/Motion/ColorStraight.cpp:4
[33m * @author Negimarge[39m

/home/taki/CATdd/target_project/etrobocon2023/module/Motion/ColorStraight.cpp:8
[33musing namespace std;[39m


Check "/home/taki/CATdd/target_project/etrobocon2023/module/Motion/Straight.cpp" based on the test.
[31m
!!! name 'Log' is not defined !!!
[39m
The following lines are not required to pass the test.
/home/taki/CATdd/target_project/etrobocon2023/module/Motion/Straight.cpp:2
[33m * @file   Straight.cpp[39m

/home/taki/CATdd/target_project/etrobocon2023/module/Motion/Straight.cpp:3
[33m * @brief  直進動作の抽象クラス[39m

/home/taki/CATdd/target_project/etrobocon2023/module/Motion/Straight.cpp:4
[33m * @author Negimarge bizyutyu[39m

/home/taki/CATdd/target_project/etrobocon2023/module/Motion/Straight.cpp:8
[33musing namespace std;[39m


Check "/home/taki/CATdd/target_project/etrobocon2023/module/Motion/DistanceStraight.cpp" based on the test.
[31m
!!! name 'Log' is not defined !!!
[39m
The following lines are not required to pass the test.
/home/taki/CATdd/target_project/etrobocon2023/module/Motion/DistanceStraight.cpp:2
[33m * @file   DistanceStraight.cpp[39m

/home/taki/CATdd/target_project/etrobocon2023/module/Motion/DistanceStraight.cpp:3
[33m * @brief  目標距離まで直進するクラス[39m

/home/taki/CATdd/target_project/etrobocon2023/module/Motion/DistanceStraight.cpp:4
[33m * @author Negimarge bizyutyu[39m

/home/taki/CATdd/target_project/etrobocon2023/module/Motion/DistanceStraight.cpp:8
[33musing namespace std;[39m


Check "/home/taki/CATdd/target_project/etrobocon2023/module/Motion/CorrectingRotation.cpp" based on the test.
The following lines are not required to pass the test.
/home/taki/CATdd/target_project/etrobocon2023/module/Motion/CorrectingRotation.cpp:2
[33m * @file   CorrectingRotation.h[39m

/home/taki/CATdd/target_project/etrobocon2023/module/Motion/CorrectingRotation.cpp:3
[33m * @brief  角度補正回頭[39m

/home/taki/CATdd/target_project/etrobocon2023/module/Motion/CorrectingRotation.cpp:4
[33m * @author aridome222[39m

/home/taki/CATdd/target_project/etrobocon2023/module/Motion/CorrectingRotation.cpp:9
[33musing namespace std;[39m

/home/taki/CATdd/target_project/etrobocon2023/module/Motion/CorrectingRotation.cpp:22
[33m   * rear_camera_request.shより直線の角度を取得[39m

/home/taki/CATdd/target_project/etrobocon2023/module/Motion/CorrectingRotation.cpp:23
[33m   * シミュレータ環境ではpopenが使えないため，[39m

/home/taki/CATdd/target_project/etrobocon2023/module/Motion/CorrectingRotation.cpp:24
[33m   * ファイルに出力して読み込む[39m

/home/taki/CATdd/target_project/etrobocon2023/module/Motion/CorrectingRotation.cpp:34
[33m    logger.logWarning("Could not open \"./response.txt\"");[39m

/home/taki/CATdd/target_project/etrobocon2023/module/Motion/CorrectingRotation.cpp:35
[33m    return;[39m

/home/taki/CATdd/target_project/etrobocon2023/module/Motion/CorrectingRotation.cpp:39
[33m  fclose(fp);[39m

/home/taki/CATdd/target_project/etrobocon2023/module/Motion/CorrectingRotation.cpp:54
[33m   * 目標角度0の時，縦線を取得できなかった場合は横線を採用する[39m

/home/taki/CATdd/target_project/etrobocon2023/module/Motion/CorrectingRotation.cpp:55
[33m   * 計測角度と目標角度の差の絶対値が45度より大きい場合，横線を採用したと判定する[39m

/home/taki/CATdd/target_project/etrobocon2023/module/Motion/CorrectingRotation.cpp:56
[33m   * 目標角度を計測角度の方向に90度ずらして再設定する[39m

/home/taki/CATdd/target_project/etrobocon2023/module/Motion/CorrectingRotation.cpp:66
[33m  if((measuredAngle > 0) ^ (tAngle > 0)) tAngle *= -1;  // 符号が不一致の場合[39m

/home/taki/CATdd/target_project/etrobocon2023/module/Motion/CorrectingRotation.cpp:83
[33m  logger.log(buf);[39m


Check "/home/taki/CATdd/target_project/etrobocon2023/module/Motion/InCrossRight.cpp" based on the test.
The following lines are not required to pass the test.
/home/taki/CATdd/target_project/etrobocon2023/module/Motion/InCrossRight.cpp:2
[33m * @file InCrossRight.cpp[39m

/home/taki/CATdd/target_project/etrobocon2023/module/Motion/InCrossRight.cpp:3
[33m * @brief 交点内移動（右折）のクラス[39m

/home/taki/CATdd/target_project/etrobocon2023/module/Motion/InCrossRight.cpp:4
[33m * @author YKhm20020[39m

/home/taki/CATdd/target_project/etrobocon2023/module/Motion/InCrossRight.cpp:9
[33musing namespace std;[39m

/home/taki/CATdd/target_project/etrobocon2023/module/Motion/InCrossRight.cpp:16
[33m  if(!isMetPrecondition()) [39m

/home/taki/CATdd/target_project/etrobocon2023/module/Motion/InCrossRight.cpp:17
[33m    return;[39m

/home/taki/CATdd/target_project/etrobocon2023/module/Motion/InCrossRight.cpp:25
[33m  ds.run();[39m

/home/taki/CATdd/target_project/etrobocon2023/module/Motion/InCrossRight.cpp:27
[33m  rotation.run();[39m

/home/taki/CATdd/target_project/etrobocon2023/module/Motion/InCrossRight.cpp:29
[33m  ds.run();[39m

/home/taki/CATdd/target_project/etrobocon2023/module/Motion/InCrossRight.cpp:31
[33m  ec.run();[39m

/home/taki/CATdd/target_project/etrobocon2023/module/Motion/InCrossRight.cpp:43
[33m    logger.logWarning(buf);[39m

/home/taki/CATdd/target_project/etrobocon2023/module/Motion/InCrossRight.cpp:44
[33m    return false;[39m

/home/taki/CATdd/target_project/etrobocon2023/module/Motion/InCrossRight.cpp:49
[33m    snprintf(buf, BUF_SIZE, "The dsTargetSpeed value passed to InCrossRight is 0");[39m

/home/taki/CATdd/target_project/etrobocon2023/module/Motion/InCrossRight.cpp:50
[33m    logger.logWarning(buf);[39m

/home/taki/CATdd/target_project/etrobocon2023/module/Motion/InCrossRight.cpp:51
[33m    return false;[39m

/home/taki/CATdd/target_project/etrobocon2023/module/Motion/InCrossRight.cpp:56
[33m    snprintf(buf, BUF_SIZE, "The prPwm value passed to InCrossRight is 0");[39m

/home/taki/CATdd/target_project/etrobocon2023/module/Motion/InCrossRight.cpp:57
[33m    logger.logWarning(buf);[39m

/home/taki/CATdd/target_project/etrobocon2023/module/Motion/InCrossRight.cpp:58
[33m    return false;[39m

/home/taki/CATdd/target_project/etrobocon2023/module/Motion/InCrossRight.cpp:62
  if(targetAngle <= 0 ||[33m targetAngle >= 360[39m) {
  if([33mtargetAngle <= 0 ||[39m targetAngle >= 360) {

/home/taki/CATdd/target_project/etrobocon2023/module/Motion/InCrossRight.cpp:63
[33m    snprintf(buf, BUF_SIZE, "The targetAngle value passed to InCrossRight is %d", targetAngle);[39m
    snprintf(buf,  BUF_SIZE,  "The targetAngle value passed to InCrossRight is %d", [33m targetAngle[39m);

/home/taki/CATdd/target_project/etrobocon2023/module/Motion/InCrossRight.cpp:64
[33m    logger.logWarning(buf);[39m

/home/taki/CATdd/target_project/etrobocon2023/module/Motion/InCrossRight.cpp:65
[33m    return false;[39m

/home/taki/CATdd/target_project/etrobocon2023/module/Motion/InCrossRight.cpp:68
[33m  return true;[39m

/home/taki/CATdd/target_project/etrobocon2023/module/Motion/InCrossRight.cpp:77
           "Run InCrossRight (targetDistance: %.2f, [33m dsTargetSpeed: %.2f, [39m targetAngle: %d,  "
           "Run InCrossRight ([33mtargetDistance: %.2f, [39m dsTargetSpeed: %.2f,  targetAngle: %d,  "
           "Run InCrossRight (targetDistance: %.2f,  dsTargetSpeed: %.2f, [33m targetAngle: %d, [39m "
[33m           "Run InCrossRight (targetDistance: %.2f, dsTargetSpeed: %.2f, targetAngle: %d, "[39m

/home/taki/CATdd/target_project/etrobocon2023/module/Motion/InCrossRight.cpp:79
           targetDistance, [33m dsTargetSpeed, [39m targetAngle,  prPwm);
           targetDistance,  dsTargetSpeed, [33m targetAngle, [39m prPwm);
[33m           targetDistance, [39m dsTargetSpeed,  targetAngle,  prPwm);
           targetDistance,  dsTargetSpeed,  targetAngle, [33m prPwm[39m);

/home/taki/CATdd/target_project/etrobocon2023/module/Motion/InCrossRight.cpp:80
[33m  logger.log(buf);[39m


Check "/home/taki/CATdd/target_project/etrobocon2023/module/Motion/DistanceLineTracing.cpp" based on the test.
[31m
!!! name 'Log' is not defined !!!
[39m
The following lines are not required to pass the test.
/home/taki/CATdd/target_project/etrobocon2023/module/Motion/DistanceLineTracing.cpp:2
[33m * @file   DistanceLineTracing.cpp[39m

/home/taki/CATdd/target_project/etrobocon2023/module/Motion/DistanceLineTracing.cpp:3
[33m * @brief  指定距離ライントレース動作[39m

/home/taki/CATdd/target_project/etrobocon2023/module/Motion/DistanceLineTracing.cpp:4
[33m * @author YKhm20020 bizyutyu[39m

/home/taki/CATdd/target_project/etrobocon2023/module/Motion/DistanceLineTracing.cpp:8
[33musing namespace std;[39m

/home/taki/CATdd/target_project/etrobocon2023/module/Motion/DistanceLineTracing.cpp:33
[33m    return false;[39m


Check "/home/taki/CATdd/target_project/etrobocon2023/module/Motion/ArmMotion.cpp" based on the test.
[31m
!!! name 'Log' is not defined !!!
[39m
The following lines are not required to pass the test.
/home/taki/CATdd/target_project/etrobocon2023/module/Motion/ArmMotion.cpp:2
[33m * @file   ArmMotion.cpp[39m

/home/taki/CATdd/target_project/etrobocon2023/module/Motion/ArmMotion.cpp:3
[33m * @brief  アーム動作クラス[39m

/home/taki/CATdd/target_project/etrobocon2023/module/Motion/ArmMotion.cpp:4
[33m * @author KakinokiKanta[39m

/home/taki/CATdd/target_project/etrobocon2023/module/Motion/ArmMotion.cpp:9
[33musing namespace std;[39m

/home/taki/CATdd/target_project/etrobocon2023/module/Motion/ArmMotion.cpp:22
    snprintf(buf,  BUF_SIZE,  "The pwm value passed to ArmMotion is %d", [33m pwm[39m);
[33m    snprintf(buf, BUF_SIZE, "The pwm value passed to ArmMotion is %d", pwm);[39m

/home/taki/CATdd/target_project/etrobocon2023/module/Motion/ArmMotion.cpp:23
[33m    logger.logWarning(buf);[39m

/home/taki/CATdd/target_project/etrobocon2023/module/Motion/ArmMotion.cpp:29
    snprintf(buf,  BUF_SIZE,  "The pwm value passed to ArmMotion is %d", [33m pwm[39m);
[33m    snprintf(buf, BUF_SIZE, "The pwm value passed to ArmMotion is %d", pwm);[39m

/home/taki/CATdd/target_project/etrobocon2023/module/Motion/ArmMotion.cpp:30
[33m    logger.logWarning(buf);[39m

/home/taki/CATdd/target_project/etrobocon2023/module/Motion/ArmMotion.cpp:31
[33m    pwm = 40;[39m

/home/taki/CATdd/target_project/etrobocon2023/module/Motion/ArmMotion.cpp:36
[33m    snprintf(buf, BUF_SIZE, "The angle value passed to ArmMotion is %d", angle);[39m
    snprintf(buf,  BUF_SIZE,  "The angle value passed to ArmMotion is %d", [33m angle[39m);

/home/taki/CATdd/target_project/etrobocon2023/module/Motion/ArmMotion.cpp:37
[33m    logger.logWarning(buf);[39m

/home/taki/CATdd/target_project/etrobocon2023/module/Motion/ArmMotion.cpp:43
[33m    snprintf(buf, BUF_SIZE, "The angle value passed to ArmMotion is %d", angle);[39m
    snprintf(buf,  BUF_SIZE,  "The angle value passed to ArmMotion is %d", [33m angle[39m);

/home/taki/CATdd/target_project/etrobocon2023/module/Motion/ArmMotion.cpp:44
[33m    logger.logWarning(buf);[39m

/home/taki/CATdd/target_project/etrobocon2023/module/Motion/ArmMotion.cpp:45
[33m    angle = 60;[39m

/home/taki/CATdd/target_project/etrobocon2023/module/Motion/ArmMotion.cpp:50
[33m    snprintf(buf, BUF_SIZE, "The angle value passed to ArmMotion is %d", angle);[39m
    snprintf(buf,  BUF_SIZE,  "The angle value passed to ArmMotion is %d", [33m angle[39m);

/home/taki/CATdd/target_project/etrobocon2023/module/Motion/ArmMotion.cpp:51
[33m    logger.logWarning(buf);[39m

/home/taki/CATdd/target_project/etrobocon2023/module/Motion/ArmMotion.cpp:52
[33m    angle = -60;[39m


Check "/home/taki/CATdd/target_project/etrobocon2023/module/Calculator/SpeedCalculator.cpp" based on the test.
[31m
!!! name 'Log' is not defined !!!
[39m
The following lines are not required to pass the test.
/home/taki/CATdd/target_project/etrobocon2023/module/Calculator/SpeedCalculator.cpp:2
[33m *  @file SpeedCalculator.cpp[39m

/home/taki/CATdd/target_project/etrobocon2023/module/Calculator/SpeedCalculator.cpp:3
[33m *  @brief 走行速度を指定するクラス[39m

/home/taki/CATdd/target_project/etrobocon2023/module/Calculator/SpeedCalculator.cpp:4
[33m *  @author miyashita64 bizyutyu[39m

/home/taki/CATdd/target_project/etrobocon2023/module/Calculator/SpeedCalculator.cpp:9
  : rightTargetSpeed([33m_targetSpeed[39m), 

/home/taki/CATdd/target_project/etrobocon2023/module/Calculator/SpeedCalculator.cpp:10
    leftTargetSpeed([33m_targetSpeed[39m), 


Check "/home/taki/CATdd/target_project/etrobocon2023/module/Calculator/Pid.cpp" based on the test.
[31m
!!! name 'Log' is not defined !!!
[39m
The following lines are not required to pass the test.
/home/taki/CATdd/target_project/etrobocon2023/module/Calculator/Pid.cpp:2
[33m * @file Pid.cpp[39m

/home/taki/CATdd/target_project/etrobocon2023/module/Calculator/Pid.cpp:3
[33m * @brief PIDを計算するクラス[39m

/home/taki/CATdd/target_project/etrobocon2023/module/Calculator/Pid.cpp:4
[33m * @author Negimarge bizyutyu[39m

/home/taki/CATdd/target_project/etrobocon2023/module/Calculator/Pid.cpp:14
    preDeviation([33m_initDeviation[39m), 


Check "/home/taki/CATdd/target_project/etrobocon2023/module/Calculator/Mileage.cpp" based on the test.
[31m
!!! name 'Log' is not defined !!!
[39m
The following lines are not required to pass the test.
/home/taki/CATdd/target_project/etrobocon2023/module/Calculator/Mileage.cpp:2
[33m **  @file Mileage.cpp[39m

/home/taki/CATdd/target_project/etrobocon2023/module/Calculator/Mileage.cpp:3
[33m **  @brief 走行距離を計算するクラス[39m

/home/taki/CATdd/target_project/etrobocon2023/module/Calculator/Mileage.cpp:4
[33m **  @author desty505[39m


Check "/home/taki/CATdd/target_project/etrobocon2023/module/Calculator/ColorJudge.cpp" based on the test.
[31m
!!! name 'Log' is not defined !!!
[39m
The following lines are not required to pass the test.
/home/taki/CATdd/target_project/etrobocon2023/module/Calculator/ColorJudge.cpp:2
[33m * @file ColorJudge.cpp[39m

/home/taki/CATdd/target_project/etrobocon2023/module/Calculator/ColorJudge.cpp:3
[33m * @brief 色識別クラス[39m

/home/taki/CATdd/target_project/etrobocon2023/module/Calculator/ColorJudge.cpp:4
[33m * @author YKhm20020[39m


Check "/home/taki/CATdd/target_project/etrobocon2023/module/API/Timer.cpp" based on the test.
The following lines are not required to pass the test.
/home/taki/CATdd/target_project/etrobocon2023/module/API/Timer.cpp:2
[33m * @file Timer.cpp[39m

/home/taki/CATdd/target_project/etrobocon2023/module/API/Timer.cpp:3
[33m * @brief 時間測定に用いる関数をまとめたラッパークラス[39m

/home/taki/CATdd/target_project/etrobocon2023/module/API/Timer.cpp:4
[33m * @author miyashita64 YKhm20020[39m


Check "/home/taki/CATdd/target_project/etrobocon2023/module/API/Measurer.cpp" based on the test.
[31m
!!! name 'Log' is not defined !!!
[39m
The following lines are not required to pass the test.
/home/taki/CATdd/target_project/etrobocon2023/module/API/Measurer.cpp:2
[33m * @file Measurer.cpp[39m

/home/taki/CATdd/target_project/etrobocon2023/module/API/Measurer.cpp:3
[33m * @brief 計測に用いる関数をまとめたラッパークラス[39m

/home/taki/CATdd/target_project/etrobocon2023/module/API/Measurer.cpp:4
[33m * @author YKhm20020 miyashita64[39m

/home/taki/CATdd/target_project/etrobocon2023/module/API/Measurer.cpp:22
  int brightness = std::max({ rgb.r, [33m rgb.g, [39m rgb.b }) * 100 / 255;  // 明度を取得して0-100に正規化

/home/taki/CATdd/target_project/etrobocon2023/module/API/Measurer.cpp:23
[33m  return brightness;[39m


Check "/home/taki/CATdd/target_project/etrobocon2023/module/API/Controller.cpp" based on the test.
[31m
!!! name 'Log' is not defined !!!
[39m
The following lines are not required to pass the test.
/home/taki/CATdd/target_project/etrobocon2023/module/API/Controller.cpp:2
[33m * @file Controller.cpp[39m

/home/taki/CATdd/target_project/etrobocon2023/module/API/Controller.cpp:3
[33m * @brief モーター制御に用いる関数をまとめたラッパークラス[39m

/home/taki/CATdd/target_project/etrobocon2023/module/API/Controller.cpp:4
[33m * @author aridome222 miyahita64 bizyutyu[39m

/home/taki/CATdd/target_project/etrobocon2023/module/API/Controller.cpp:19
[33m    return MOTOR_PWM_MAX;[39m

/home/taki/CATdd/target_project/etrobocon2023/module/API/Controller.cpp:20
[33m  } else if(value < MOTOR_PWM_MIN) {[39m

/home/taki/CATdd/target_project/etrobocon2023/module/API/Controller.cpp:21
[33m    return MOTOR_PWM_MIN;[39m


Check "/home/taki/CATdd/target_project/etrobocon2023/module/common/Logger.cpp" based on the test.
The following lines are not required to pass the test.
/home/taki/CATdd/target_project/etrobocon2023/module/common/Logger.cpp:2
[33m * @file Logger.cpp[39m

/home/taki/CATdd/target_project/etrobocon2023/module/common/Logger.cpp:3
[33m * @brief 動作確認に用いるprintf()関数を所持するクラス[39m
 * @brief 動作確認に用いるprintf()[33m関数を所持するクラス[39m
[33m * @brief 動作確認に用いるprintf([39m)関数を所持するクラス

/home/taki/CATdd/target_project/etrobocon2023/module/common/Logger.cpp:4
[33m * @author desty505[39m

/home/taki/CATdd/target_project/etrobocon2023/module/common/Logger.cpp:15
  printf([33m"%s", [39m message);

/home/taki/CATdd/target_project/etrobocon2023/module/common/Logger.cpp:25
  printf("\x1b[36m");[33m /* 文字色をシアンに */[39m

/home/taki/CATdd/target_project/etrobocon2023/module/common/Logger.cpp:27
  printf("\x1b[39m");[33m /* 文字色をデフォルトに戻す */[39m

/home/taki/CATdd/target_project/etrobocon2023/module/common/Logger.cpp:37
  printf("\x1b[35m");[33m /* 文字色をマゼンタに */[39m

/home/taki/CATdd/target_project/etrobocon2023/module/common/Logger.cpp:39
  printf("\x1b[39m");[33m /* 文字色をデフォルトに戻す */[39m

/home/taki/CATdd/target_project/etrobocon2023/module/common/Logger.cpp:49
  printf("\x1b[32m");[33m /* 文字色を緑色に */[39m

/home/taki/CATdd/target_project/etrobocon2023/module/common/Logger.cpp:50
  printf([33m"%s", [39m message);

/home/taki/CATdd/target_project/etrobocon2023/module/common/Logger.cpp:51
  printf("\x1b[39m");[33m /* 文字色をデフォルトに戻す */[39m

/home/taki/CATdd/target_project/etrobocon2023/module/common/Logger.cpp:62
[33m    logWarning("cannot open file");[39m

/home/taki/CATdd/target_project/etrobocon2023/module/common/Logger.cpp:63
[33m    return;[39m

/home/taki/CATdd/target_project/etrobocon2023/module/common/Logger.cpp:65
  fprintf(outputFile, [33m "%s", [39m logs);  // logsの内容をlogfile.txtに書き込む

/home/taki/CATdd/target_project/etrobocon2023/module/common/Logger.cpp:69
[33m  NOTE: ロボコン環境だと，時刻を取得するtime.hのtime()や，[39m
[33m  NOTE: ロボコン環境だと，時刻を取得するtime.hのtime([39m)や，

/home/taki/CATdd/target_project/etrobocon2023/module/common/Logger.cpp:70
[33m  ディレクトリを生成するためのヘッダdirect.hを使用できないため（多分），[39m

/home/taki/CATdd/target_project/etrobocon2023/module/common/Logger.cpp:71
[33m  bashでlogfile.txtの名前をログ生成時刻に変更し，logfiles/に移動する[39m


Check "/home/taki/CATdd/target_project/etrobocon2023/module/common/StringOperator.cpp" based on the test.
The following lines are not required to pass the test.
/home/taki/CATdd/target_project/etrobocon2023/module/common/StringOperator.cpp:2
[33m * @file   StringOperator.cpp[39m

/home/taki/CATdd/target_project/etrobocon2023/module/common/StringOperator.cpp:3
[33m * @brief  文字列を操作するstatic関数を持つクラス[39m

/home/taki/CATdd/target_project/etrobocon2023/module/common/StringOperator.cpp:4
[33m * @author aridome222[39m

/home/taki/CATdd/target_project/etrobocon2023/module/common/StringOperator.cpp:17
  str = (char*)malloc(sizeof(char)[33m * len[39m);

/home/taki/CATdd/target_project/etrobocon2023/module/common/StringOperator.cpp:30
[33m    endIndex--;[39m                // CR+LFの時のためにインデックスを一つ戻す
[33m    endIndex--;                // CR+LFの時のためにインデックスを一つ戻す[39m

/home/taki/CATdd/target_project/etrobocon2023/module/common/StringOperator.cpp:33
[33m    str[endIndex] = 0x00;      // NULL文字に置き換える[39m
[33m    str[endIndex] = 0x00;[39m      // NULL文字に置き換える


Complete base testing.

[36m
Processing time:  1:28:56[39m
[36m
CATdd COMPLETE
[39m
